2022-07-13 15:01:10,890 [Worker-6: Loading available Gradle versions] INFO  o.e.b.c.i.u.g.PublishedGradleVersions - Gradle version information cache is out-of-date. Trying to update.
2022-07-13 15:07:48,188 [Worker-6: Loading available Gradle versions] INFO  o.e.b.c.i.u.g.PublishedGradleVersions - Gradle version information cache is up-to-date. Trying to read.
2022-07-13 15:10:54,822 [ModalContext] INFO  o.e.m.c.i.e.AbstractTransferListenerAdapter - Downloading https://repo1.maven.org/maven2/org/apache/maven/archetypes/maven-archetype-quickstart/1.4/maven-archetype-quickstart-1.4.jar
2022-07-13 15:10:55,218 [ModalContext] INFO  o.e.m.c.i.e.AbstractTransferListenerAdapter - Downloaded https://repo1.maven.org/maven2/org/apache/maven/archetypes/maven-archetype-quickstart/1.4/maven-archetype-quickstart-1.4.jar
2022-07-13 15:10:55,426 [ModalContext] INFO  o.e.m.c.i.e.AbstractTransferListenerAdapter - Downloading https://repo1.maven.org/maven2/org/apache/maven/archetypes/maven-archetype-quickstart/1.4/maven-archetype-quickstart-1.4.pom
2022-07-13 15:10:55,636 [ModalContext] INFO  o.e.m.c.i.e.AbstractTransferListenerAdapter - Downloaded https://repo1.maven.org/maven2/org/apache/maven/archetypes/maven-archetype-quickstart/1.4/maven-archetype-quickstart-1.4.pom
2022-07-13 15:12:09,631 [Worker-5: Creating maven-archetype-quickstart] INFO  o.e.m.c.i.p.ProjectConfigurationManager - Collecting project info '/pom.xml' /Users/febryfairuz/Documents/IBIK/2022-2023/Ganjil/Pemograman Berorientasi Objek/Workspace/com.ibik.pbo.pertemuan1/pom.xml
2022-07-13 15:12:10,990 [Worker-5: Creating maven-archetype-quickstart] INFO  o.e.m.c.i.l.LifecycleMappingFactory - Using org.eclipse.m2e.jdt.JarLifecycleMapping lifecycle mapping for MavenProject: com.ibik.:com.ibik.pbo.pertemuan1:0.0.1-SNAPSHOT @ /Users/febryfairuz/Documents/IBIK/2022-2023/Ganjil/Pemograman Berorientasi Objek/Workspace/com.ibik.pbo.pertemuan1/pom.xml.
2022-07-13 15:12:12,358 [Worker-5: Creating maven-archetype-quickstart] INFO  o.e.m.j.i.AbstractJavaProjectConfigurator - Adding source folder /com.ibik.pbo.pertemuan1/src/main/java
2022-07-13 15:12:12,361 [Worker-5: Creating maven-archetype-quickstart] INFO  o.e.m.j.i.AbstractJavaProjectConfigurator - Adding source folder /com.ibik.pbo.pertemuan1/src/test/java
2022-07-13 15:12:16,856 [Worker-5: Creating maven-archetype-quickstart] INFO  o.e.m.c.i.p.ProjectConfigurationManager - Imported and configured 1 project(s) in 7 sec
2022-07-13 15:12:18,062 [Worker-34: Building] INFO  o.e.m.c.i.embedder.EclipseLogger - Using 'UTF-8' encoding to copy filtered resources.
2022-07-13 15:12:18,062 [Worker-34: Building] INFO  o.e.m.c.i.embedder.EclipseLogger - skip non existing resourceDirectory /Users/febryfairuz/Documents/IBIK/2022-2023/Ganjil/Pemograman Berorientasi Objek/Workspace/com.ibik.pbo.pertemuan1/src/main/resources
2022-07-13 15:12:18,068 [Worker-34: Building] INFO  o.e.m.c.i.embedder.EclipseLogger - Using 'UTF-8' encoding to copy filtered resources.
2022-07-13 15:12:18,068 [Worker-34: Building] INFO  o.e.m.c.i.embedder.EclipseLogger - skip non existing resourceDirectory /Users/febryfairuz/Documents/IBIK/2022-2023/Ganjil/Pemograman Berorientasi Objek/Workspace/com.ibik.pbo.pertemuan1/src/test/resources
2022-07-13 15:18:28,614 [Worker-37: Building] INFO  o.e.m.c.i.embedder.EclipseLogger - Using 'UTF-8' encoding to copy filtered resources.
2022-07-13 15:18:28,615 [Worker-37: Building] INFO  o.e.m.c.i.embedder.EclipseLogger - skip non existing resourceDirectory /Users/febryfairuz/Documents/IBIK/2022-2023/Ganjil/Pemograman Berorientasi Objek/Workspace/com.ibik.pbo.pertemuan1/src/main/resources
2022-07-13 15:18:28,619 [Worker-37: Building] INFO  o.e.m.c.i.embedder.EclipseLogger - Using 'UTF-8' encoding to copy filtered resources.
2022-07-13 15:18:28,619 [Worker-37: Building] INFO  o.e.m.c.i.embedder.EclipseLogger - skip non existing resourceDirectory /Users/febryfairuz/Documents/IBIK/2022-2023/Ganjil/Pemograman Berorientasi Objek/Workspace/com.ibik.pbo.pertemuan1/src/test/resources
2022-07-13 15:20:50,414 [Worker-37: Building] INFO  o.e.m.c.i.l.LifecycleMappingFactory - Using org.eclipse.m2e.jdt.JarLifecycleMapping lifecycle mapping for MavenProject: com.ibik.:com.ibik.pbo.pertemuan1:0.0.1-SNAPSHOT @ /Users/febryfairuz/Documents/IBIK/2022-2023/Ganjil/Pemograman Berorientasi Objek/Workspace/my-app/pom.xml.
2022-07-13 15:20:51,330 [Worker-37: Building] INFO  o.e.m.c.i.embedder.EclipseLogger - Using 'UTF-8' encoding to copy filtered resources.
2022-07-13 15:20:51,333 [Worker-37: Building] INFO  o.e.m.c.i.embedder.EclipseLogger - skip non existing resourceDirectory /Users/febryfairuz/Documents/IBIK/2022-2023/Ganjil/Pemograman Berorientasi Objek/Workspace/my-app/src/main/resources
2022-07-13 15:20:51,359 [Worker-37: Building] INFO  o.e.m.c.i.embedder.EclipseLogger - Using 'UTF-8' encoding to copy filtered resources.
2022-07-13 15:20:51,359 [Worker-37: Building] INFO  o.e.m.c.i.embedder.EclipseLogger - skip non existing resourceDirectory /Users/febryfairuz/Documents/IBIK/2022-2023/Ganjil/Pemograman Berorientasi Objek/Workspace/my-app/src/test/resources
2022-07-13 15:20:52,785 [Worker-39: Building] INFO  o.e.m.c.i.embedder.EclipseLogger - Using 'UTF-8' encoding to copy filtered resources.
2022-07-13 15:20:52,786 [Worker-39: Building] INFO  o.e.m.c.i.embedder.EclipseLogger - skip non existing resourceDirectory /Users/febryfairuz/Documents/IBIK/2022-2023/Ganjil/Pemograman Berorientasi Objek/Workspace/my-app/src/main/resources
2022-07-13 15:20:52,787 [Worker-39: Building] INFO  o.e.m.c.i.embedder.EclipseLogger - Using 'UTF-8' encoding to copy filtered resources.
2022-07-13 15:20:52,787 [Worker-39: Building] INFO  o.e.m.c.i.embedder.EclipseLogger - skip non existing resourceDirectory /Users/febryfairuz/Documents/IBIK/2022-2023/Ganjil/Pemograman Berorientasi Objek/Workspace/my-app/src/test/resources
2022-08-07 10:15:59,074 [Worker-7: Loading available Gradle versions] INFO  o.e.b.c.i.u.g.PublishedGradleVersions - Gradle version information cache is out-of-date. Trying to update.
2022-08-07 10:43:23,347 [Worker-7: Loading available Gradle versions] INFO  o.e.b.c.i.u.g.PublishedGradleVersions - Gradle version information cache is up-to-date. Trying to read.
2022-08-14 00:54:44,460 [Worker-10: Loading available Gradle versions] INFO  o.e.b.c.i.u.g.PublishedGradleVersions - Gradle version information cache is out-of-date. Trying to update.
2022-08-18 14:42:02,685 [Worker-11: Loading available Gradle versions] INFO  o.e.b.c.i.u.g.PublishedGradleVersions - Gradle version information cache is out-of-date. Trying to update.
2022-08-21 13:35:49,837 [Worker-8: Loading available Gradle versions] INFO  o.e.b.c.i.u.g.PublishedGradleVersions - Gradle version information cache is out-of-date. Trying to update.
2022-08-29 19:43:28,556 [Worker-5: Loading available Gradle versions] INFO  o.e.b.c.i.u.g.PublishedGradleVersions - Gradle version information cache is out-of-date. Trying to update.
2022-08-31 11:29:01,842 [Worker-10: Loading available Gradle versions] INFO  o.e.b.c.i.u.g.PublishedGradleVersions - Gradle version information cache is out-of-date. Trying to update.
2022-08-31 11:30:05,255 [Worker-5: Loading available Gradle versions] INFO  o.e.b.c.i.u.g.PublishedGradleVersions - Gradle version information cache is up-to-date. Trying to read.
2022-09-03 09:29:00,189 [Worker-3: Loading available Gradle versions] INFO  o.e.b.c.i.u.g.PublishedGradleVersions - Gradle version information cache is out-of-date. Trying to update.
2022-09-10 16:35:20,938 [Worker-7: Loading available Gradle versions] INFO  o.e.b.c.i.u.g.PublishedGradleVersions - Gradle version information cache is out-of-date. Trying to update.
2022-09-17 15:29:11,904 [Worker-10: Loading available Gradle versions] INFO  o.e.b.c.i.u.g.PublishedGradleVersions - Gradle version information cache is out-of-date. Trying to update.
